<?xml version="1.0" encoding="UTF-8"?>
<testsuite name="ListAggregatorTest" tests="14" skipped="0" failures="0" errors="0" timestamp="2021-12-02T22:47:08" hostname="DESKTOP-L5DD3BH" time="0.029">
  <properties/>
  <testcase name="Check if the sum of [1, 2] is equal to 3" classname="ListAggregatorTest" time="0.006"/>
  <testcase name="Check if the sum of [2, 1, 2] is equal to 5" classname="ListAggregatorTest" time="0.0"/>
  <testcase name="Check if the max of [1, -4, 2] is 2" classname="ListAggregatorTest" time="0.001"/>
  <testcase name="Check if the max of [2, 1, 2] is 2" classname="ListAggregatorTest" time="0.0"/>
  <testcase name="Check if the max of [1, 2, 4, 6, 1, 0] is 6" classname="ListAggregatorTest" time="0.0"/>
  <testcase name="Check if the min of [1, -4, 2] is -4" classname="ListAggregatorTest" time="0.001"/>
  <testcase name="Check if the min of [2, 1, 2] is 1" classname="ListAggregatorTest" time="0.0"/>
  <testcase name="Check if the min of [1, -2, 4, 6, 1, 0] is -2" classname="ListAggregatorTest" time="0.0"/>
  <testcase name="Check if the number of distinct elements in [1, -4, 2] is 3" classname="ListAggregatorTest" time="0.003"/>
  <testcase name="Check if the number of distinct elements in [2, 1, 2] is 2" classname="ListAggregatorTest" time="0.0"/>
  <testcase name="Check if the number of distinct elements in [1, -2, 4, 6, 1, 0] is 5" classname="ListAggregatorTest" time="0.0"/>
  <testcase name="bug 7263 [finallist: -1, lista: [-1, -4, -2], #0]" classname="ListAggregatorTest" time="0.002"/>
  <testcase name="bug 7263 [finallist: -1, lista: [-2, -1, -2], #1]" classname="ListAggregatorTest" time="0.001"/>
  <testcase name="bug 7263 [finallist: 0, lista: [-1, -2, -4, -6, -1, 0], #2]" classname="ListAggregatorTest" time="0.001"/>
  <system-out><![CDATA[]]></system-out>
  <system-err><![CDATA[]]></system-err>
</testsuite>
