<?xml version="1.0" encoding="UTF-8"?>
<testsuite name="ListDeduplicatorSpockTest" tests="2" skipped="0" failures="0" errors="0" timestamp="2021-12-02T22:47:08" hostname="DESKTOP-L5DD3BH" time="0.076">
  <properties/>
  <testcase name="Testing deduplicate" classname="ListDeduplicatorSpockTest" time="0.075"/>
  <testcase name="Testing deduplicate bug 8726" classname="ListDeduplicatorSpockTest" time="0.001"/>
  <system-out><![CDATA[]]></system-out>
  <system-err><![CDATA[]]></system-err>
</testsuite>
